[35m[2021-06-10 12:40:56][0m[34m[INFO] [0mStarting model training PID: [32m121220[0m
[35m[2021-06-10 12:40:56][0m[34m[INFO] [0mWorking directory: [32m../models/[0m
[35m[2021-06-10 12:41:09][0m[34m[INFO] [0m============= Epoch: 1 / 500 =============
[35m[2021-06-10 12:41:09][0m[34m[INFO] [0mTraining
[35m[2021-06-10 12:43:33][0m[34m[INFO] [0mAvg training loss: 0.5131084834535916
[35m[2021-06-10 12:43:33][0m[34m[INFO] [0mRunning Validation
[35m[2021-06-10 12:43:38][0m[34m[INFO] [0mRMSE: 0.7390621838898495
[35m[2021-06-10 12:43:38][0m[34m[INFO] [0m============= Epoch: 2 / 500 =============
[35m[2021-06-10 12:43:38][0m[34m[INFO] [0mTraining
[35m[2021-06-10 12:46:02][0m[34m[INFO] [0mAvg training loss: 0.25272872404140584
[35m[2021-06-10 12:46:02][0m[34m[INFO] [0mRunning Validation
[35m[2021-06-10 12:46:07][0m[34m[INFO] [0mRMSE: 0.6085371303147283
[35m[2021-06-10 12:46:07][0m[34m[INFO] [0mCreating model checkpoint
[35m[2021-06-10 12:46:07][0m[34m[INFO] [0m============= Epoch: 3 / 500 =============
[35m[2021-06-10 12:46:07][0m[34m[INFO] [0mTraining
[35m[2021-06-10 12:48:31][0m[34m[INFO] [0mAvg training loss: 0.15188700349307527
[35m[2021-06-10 12:48:31][0m[34m[INFO] [0mRunning Validation
[35m[2021-06-10 12:48:36][0m[34m[INFO] [0mRMSE: 0.6359490228110346
[35m[2021-06-10 12:48:36][0m[34m[INFO] [0m============= Epoch: 4 / 500 =============
[35m[2021-06-10 12:48:36][0m[34m[INFO] [0mTraining
[35m[2021-06-10 12:51:00][0m[34m[INFO] [0mAvg training loss: 0.09820070571320898
[35m[2021-06-10 12:51:00][0m[34m[INFO] [0mRunning Validation
[35m[2021-06-10 12:51:05][0m[34m[INFO] [0mRMSE: 0.6053469242720768
[35m[2021-06-10 12:51:05][0m[34m[INFO] [0mCreating model checkpoint
[35m[2021-06-10 12:51:05][0m[34m[INFO] [0m============= Epoch: 5 / 500 =============
[35m[2021-06-10 12:51:05][0m[34m[INFO] [0mTraining
[35m[2021-06-10 12:53:29][0m[34m[INFO] [0mAvg training loss: 0.07447755453633327
[35m[2021-06-10 12:53:29][0m[34m[INFO] [0mRunning Validation
[35m[2021-06-10 12:53:34][0m[34m[INFO] [0mRMSE: 0.6266735596903439
[35m[2021-06-10 12:53:34][0m[34m[INFO] [0m============= Epoch: 6 / 500 =============
[35m[2021-06-10 12:53:34][0m[34m[INFO] [0mTraining
[35m[2021-06-10 12:55:59][0m[34m[INFO] [0mAvg training loss: 0.0602463620769627
[35m[2021-06-10 12:55:59][0m[34m[INFO] [0mRunning Validation
[35m[2021-06-10 12:56:04][0m[34m[INFO] [0mRMSE: 0.7049156437660086
[35m[2021-06-10 12:56:04][0m[34m[INFO] [0m============= Epoch: 7 / 500 =============
[35m[2021-06-10 12:56:04][0m[34m[INFO] [0mTraining
[35m[2021-06-10 12:58:28][0m[34m[INFO] [0mAvg training loss: 0.048775430681074365
[35m[2021-06-10 12:58:28][0m[34m[INFO] [0mRunning Validation
[35m[2021-06-10 12:58:33][0m[34m[INFO] [0mRMSE: 0.589816430519367
[35m[2021-06-10 12:58:33][0m[34m[INFO] [0mCreating model checkpoint
[35m[2021-06-10 12:58:33][0m[34m[INFO] [0m============= Epoch: 8 / 500 =============
[35m[2021-06-10 12:58:33][0m[34m[INFO] [0mTraining
[35m[2021-06-10 13:00:58][0m[34m[INFO] [0mAvg training loss: 0.04397667751410136
[35m[2021-06-10 13:00:58][0m[34m[INFO] [0mRunning Validation
[35m[2021-06-10 13:01:02][0m[34m[INFO] [0mRMSE: 0.6382746018212417
[35m[2021-06-10 13:01:02][0m[34m[INFO] [0m============= Epoch: 9 / 500 =============
[35m[2021-06-10 13:01:02][0m[34m[INFO] [0mTraining
[35m[2021-06-10 13:03:27][0m[34m[INFO] [0mAvg training loss: 0.037135491059983476
[35m[2021-06-10 13:03:27][0m[34m[INFO] [0mRunning Validation
[35m[2021-06-10 13:03:32][0m[34m[INFO] [0mRMSE: 0.6289723525787222
[35m[2021-06-10 13:03:32][0m[34m[INFO] [0m============= Epoch: 10 / 500 =============
[35m[2021-06-10 13:03:32][0m[34m[INFO] [0mTraining
[35m[2021-06-10 13:05:56][0m[34m[INFO] [0mAvg training loss: 0.03906840608528286
[35m[2021-06-10 13:05:56][0m[34m[INFO] [0mRunning Validation
[35m[2021-06-10 13:06:01][0m[34m[INFO] [0mRMSE: 0.6526097634743
[35m[2021-06-10 13:06:01][0m[34m[INFO] [0m============= Epoch: 11 / 500 =============
[35m[2021-06-10 13:06:01][0m[34m[INFO] [0mTraining
[35m[2021-06-10 13:08:27][0m[34m[INFO] [0mAvg training loss: 0.033920348725993844
[35m[2021-06-10 13:08:27][0m[34m[INFO] [0mRunning Validation
[35m[2021-06-10 13:08:32][0m[34m[INFO] [0mRMSE: 0.6153980544928846
[35m[2021-06-10 13:08:32][0m[34m[INFO] [0m============= Epoch: 12 / 500 =============
[35m[2021-06-10 13:08:32][0m[34m[INFO] [0mTraining
[35m[2021-06-10 13:10:56][0m[34m[INFO] [0mAvg training loss: 0.03106976757921717
[35m[2021-06-10 13:10:56][0m[34m[INFO] [0mRunning Validation
[35m[2021-06-10 13:11:01][0m[34m[INFO] [0mRMSE: 0.5892127608430797
[35m[2021-06-10 13:11:01][0m[34m[INFO] [0mCreating model checkpoint
[35m[2021-06-10 13:11:01][0m[34m[INFO] [0m============= Epoch: 13 / 500 =============
[35m[2021-06-10 13:11:01][0m[34m[INFO] [0mTraining
[35m[2021-06-10 13:13:27][0m[34m[INFO] [0mAvg training loss: 0.030659385591599288
[35m[2021-06-10 13:13:27][0m[34m[INFO] [0mRunning Validation
[35m[2021-06-10 13:13:31][0m[34m[INFO] [0mRMSE: 0.6901733947211298
[35m[2021-06-10 13:13:31][0m[34m[INFO] [0m============= Epoch: 14 / 500 =============
[35m[2021-06-10 13:13:31][0m[34m[INFO] [0mTraining
[35m[2021-06-10 13:16:02][0m[34m[INFO] [0mAvg training loss: 0.026393957543825987
[35m[2021-06-10 13:16:02][0m[34m[INFO] [0mRunning Validation
[35m[2021-06-10 13:16:07][0m[34m[INFO] [0mRMSE: 0.6339595153413969
[35m[2021-06-10 13:16:07][0m[34m[INFO] [0m============= Epoch: 15 / 500 =============
[35m[2021-06-10 13:16:07][0m[34m[INFO] [0mTraining
[35m[2021-06-10 13:18:32][0m[34m[INFO] [0mAvg training loss: 0.025614309341957173
[35m[2021-06-10 13:18:32][0m[34m[INFO] [0mRunning Validation
[35m[2021-06-10 13:18:37][0m[34m[INFO] [0mRMSE: 0.6929558299738785
[35m[2021-06-10 13:18:37][0m[34m[INFO] [0m============= Epoch: 16 / 500 =============
[35m[2021-06-10 13:18:37][0m[34m[INFO] [0mTraining
[35m[2021-06-10 13:21:01][0m[34m[INFO] [0mAvg training loss: 0.02361437384696568
[35m[2021-06-10 13:21:01][0m[34m[INFO] [0mRunning Validation
[35m[2021-06-10 13:21:06][0m[34m[INFO] [0mRMSE: 0.6201453435009924
[35m[2021-06-10 13:21:06][0m[34m[INFO] [0m============= Epoch: 17 / 500 =============
[35m[2021-06-10 13:21:06][0m[34m[INFO] [0mTraining
[35m[2021-06-10 13:23:30][0m[34m[INFO] [0mAvg training loss: 0.023285543995306773
[35m[2021-06-10 13:23:30][0m[34m[INFO] [0mRunning Validation
[35m[2021-06-10 13:23:35][0m[34m[INFO] [0mRMSE: 0.6281133098848934
[35m[2021-06-10 13:23:35][0m[34m[INFO] [0m============= Epoch: 18 / 500 =============
[35m[2021-06-10 13:23:35][0m[34m[INFO] [0mTraining
[35m[2021-06-10 13:25:59][0m[34m[INFO] [0mAvg training loss: 0.0204940489055041
[35m[2021-06-10 13:25:59][0m[34m[INFO] [0mRunning Validation
[35m[2021-06-10 13:26:04][0m[34m[INFO] [0mRMSE: 0.6242179747285515
[35m[2021-06-10 13:26:04][0m[34m[INFO] [0m============= Epoch: 19 / 500 =============
[35m[2021-06-10 13:26:04][0m[34m[INFO] [0mTraining
[35m[2021-06-10 13:28:28][0m[34m[INFO] [0mAvg training loss: 0.02024619169715865
[35m[2021-06-10 13:28:28][0m[34m[INFO] [0mRunning Validation
[35m[2021-06-10 13:28:33][0m[34m[INFO] [0mRMSE: 0.6198115975692354
[35m[2021-06-10 13:28:33][0m[34m[INFO] [0m============= Epoch: 20 / 500 =============
[35m[2021-06-10 13:28:33][0m[34m[INFO] [0mTraining
[35m[2021-06-10 13:30:57][0m[34m[INFO] [0mAvg training loss: 0.018394179307106955
[35m[2021-06-10 13:30:57][0m[34m[INFO] [0mRunning Validation
[35m[2021-06-10 13:31:02][0m[34m[INFO] [0mRMSE: 0.6246226635472528
[35m[2021-06-10 13:31:02][0m[34m[INFO] [0m============= Epoch: 21 / 500 =============
[35m[2021-06-10 13:31:02][0m[34m[INFO] [0mTraining
[35m[2021-06-10 13:33:27][0m[34m[INFO] [0mAvg training loss: 0.01906311498845325
[35m[2021-06-10 13:33:27][0m[34m[INFO] [0mRunning Validation
[35m[2021-06-10 13:33:31][0m[34m[INFO] [0mRMSE: 0.6144324561645245
[35m[2021-06-10 13:33:31][0m[34m[INFO] [0m============= Epoch: 22 / 500 =============
[35m[2021-06-10 13:33:31][0m[34m[INFO] [0mTraining
[35m[2021-06-10 13:35:56][0m[34m[INFO] [0mAvg training loss: 0.01738962214714026
[35m[2021-06-10 13:35:56][0m[34m[INFO] [0mRunning Validation
[35m[2021-06-10 13:36:01][0m[34m[INFO] [0mRMSE: 0.5961536826758549
[35m[2021-06-10 13:36:01][0m[34m[INFO] [0mEarly stopping.
[35m[2021-06-10 13:36:01][0m[34m[INFO] [0mTraining complete.
[35m[2021-06-10 13:36:01][0m[34m[INFO] [0mRetrieving best model.
[35m[2021-06-10 13:36:03][0m[34m[INFO] [0mSaved model to ../models/bert-base-uncased/v1
[35m[2021-06-10 13:36:03][0m[34m[INFO] [0mTrain time: 3.3e+03 s.
[35m[2021-06-10 13:36:03][0m[34m[INFO] [0mDone model training PID: [32m121220[0m
