[35m[2021-06-10 12:05:42][0m[34m[INFO] [0mStarting model training PID: [32m121017[0m
[35m[2021-06-10 12:05:42][0m[34m[INFO] [0mWorking directory: [32m../models/[0m
[35m[2021-06-10 12:05:55][0m[34m[INFO] [0m============= Epoch: 1 / 500 =============
[35m[2021-06-10 12:05:55][0m[34m[INFO] [0mTraining
[35m[2021-06-10 12:08:27][0m[34m[INFO] [0mAvg training loss: 0.5136686148454777
[35m[2021-06-10 12:08:27][0m[34m[INFO] [0mRunning Validation
[35m[2021-06-10 12:08:32][0m[34m[INFO] [0mRMSE: 0.8326203955544366
[35m[2021-06-10 12:08:32][0m[34m[INFO] [0m============= Epoch: 2 / 500 =============
[35m[2021-06-10 12:08:32][0m[34m[INFO] [0mTraining
[35m[2021-06-10 12:11:05][0m[34m[INFO] [0mAvg training loss: 0.24663205719246387
[35m[2021-06-10 12:11:05][0m[34m[INFO] [0mRunning Validation
[35m[2021-06-10 12:11:10][0m[34m[INFO] [0mRMSE: 0.6464926476279894
[35m[2021-06-10 12:11:10][0m[34m[INFO] [0mCreating model checkpoint
[35m[2021-06-10 12:11:10][0m[34m[INFO] [0m============= Epoch: 3 / 500 =============
[35m[2021-06-10 12:11:10][0m[34m[INFO] [0mTraining
[35m[2021-06-10 12:13:42][0m[34m[INFO] [0mAvg training loss: 0.149466477851252
[35m[2021-06-10 12:13:42][0m[34m[INFO] [0mRunning Validation
[35m[2021-06-10 12:13:47][0m[34m[INFO] [0mRMSE: 0.584556815524896
[35m[2021-06-10 12:13:47][0m[34m[INFO] [0mCreating model checkpoint
[35m[2021-06-10 12:13:47][0m[34m[INFO] [0m============= Epoch: 4 / 500 =============
[35m[2021-06-10 12:13:47][0m[34m[INFO] [0mTraining
[35m[2021-06-10 12:16:20][0m[34m[INFO] [0mAvg training loss: 0.106756517865044
[35m[2021-06-10 12:16:20][0m[34m[INFO] [0mRunning Validation
[35m[2021-06-10 12:16:25][0m[34m[INFO] [0mRMSE: 0.7303226838509241
[35m[2021-06-10 12:16:25][0m[34m[INFO] [0m============= Epoch: 5 / 500 =============
[35m[2021-06-10 12:16:25][0m[34m[INFO] [0mTraining
[35m[2021-06-10 12:18:58][0m[34m[INFO] [0mAvg training loss: 0.07396803936427664
[35m[2021-06-10 12:18:58][0m[34m[INFO] [0mRunning Validation
[35m[2021-06-10 12:19:03][0m[34m[INFO] [0mRMSE: 0.6216556885176234
[35m[2021-06-10 12:19:03][0m[34m[INFO] [0m============= Epoch: 6 / 500 =============
[35m[2021-06-10 12:19:03][0m[34m[INFO] [0mTraining
[35m[2021-06-10 12:21:35][0m[34m[INFO] [0mAvg training loss: 0.057809073063413555
[35m[2021-06-10 12:21:35][0m[34m[INFO] [0mRunning Validation
[35m[2021-06-10 12:21:40][0m[34m[INFO] [0mRMSE: 0.6418558607498804
[35m[2021-06-10 12:21:40][0m[34m[INFO] [0m============= Epoch: 7 / 500 =============
[35m[2021-06-10 12:21:40][0m[34m[INFO] [0mTraining
[35m[2021-06-10 12:24:13][0m[34m[INFO] [0mAvg training loss: 0.05057596687379302
[35m[2021-06-10 12:24:13][0m[34m[INFO] [0mRunning Validation
[35m[2021-06-10 12:24:18][0m[34m[INFO] [0mRMSE: 0.5648413991762532
[35m[2021-06-10 12:24:18][0m[34m[INFO] [0mCreating model checkpoint
[35m[2021-06-10 12:24:18][0m[34m[INFO] [0m============= Epoch: 8 / 500 =============
[35m[2021-06-10 12:24:18][0m[34m[INFO] [0mTraining
[35m[2021-06-10 12:26:51][0m[34m[INFO] [0mAvg training loss: 0.046537663965693275
[35m[2021-06-10 12:26:51][0m[34m[INFO] [0mRunning Validation
[35m[2021-06-10 12:26:56][0m[34m[INFO] [0mRMSE: 0.5816992889675829
[35m[2021-06-10 12:26:56][0m[34m[INFO] [0m============= Epoch: 9 / 500 =============
[35m[2021-06-10 12:26:56][0m[34m[INFO] [0mTraining
[35m[2021-06-10 12:29:28][0m[34m[INFO] [0mAvg training loss: 0.04159071429291022
[35m[2021-06-10 12:29:28][0m[34m[INFO] [0mRunning Validation
[35m[2021-06-10 12:29:33][0m[34m[INFO] [0mRMSE: 0.6077271612981955
[35m[2021-06-10 12:29:33][0m[34m[INFO] [0m============= Epoch: 10 / 500 =============
[35m[2021-06-10 12:29:33][0m[34m[INFO] [0mTraining
[35m[2021-06-10 12:32:06][0m[34m[INFO] [0mAvg training loss: 0.03791404398286651
[35m[2021-06-10 12:32:06][0m[34m[INFO] [0mRunning Validation
[35m[2021-06-10 12:32:11][0m[34m[INFO] [0mRMSE: 0.5928066058291329
[35m[2021-06-10 12:32:11][0m[34m[INFO] [0m============= Epoch: 11 / 500 =============
[35m[2021-06-10 12:32:11][0m[34m[INFO] [0mTraining
[35m[2021-06-10 12:34:44][0m[34m[INFO] [0mAvg training loss: 0.034955744078341976
[35m[2021-06-10 12:34:44][0m[34m[INFO] [0mRunning Validation
[35m[2021-06-10 12:34:49][0m[34m[INFO] [0mRMSE: 0.6350509255296655
[35m[2021-06-10 12:34:49][0m[34m[INFO] [0m============= Epoch: 12 / 500 =============
[35m[2021-06-10 12:34:49][0m[34m[INFO] [0mTraining
[35m[2021-06-10 12:37:22][0m[34m[INFO] [0mAvg training loss: 0.03256994133251705
[35m[2021-06-10 12:37:22][0m[34m[INFO] [0mRunning Validation
[35m[2021-06-10 12:37:27][0m[34m[INFO] [0mRMSE: 0.6392288365297847
[35m[2021-06-10 12:37:27][0m[34m[INFO] [0mEarly stopping.
[35m[2021-06-10 12:37:27][0m[34m[INFO] [0mTraining complete.
[35m[2021-06-10 12:37:27][0m[34m[INFO] [0mRetrieving best model.
[35m[2021-06-10 12:37:29][0m[34m[INFO] [0mSaved model to ../models/bert-base-uncased/v1
[35m[2021-06-10 12:37:29][0m[34m[INFO] [0mTrain time: 1.9e+03 s.
[35m[2021-06-10 12:37:29][0m[34m[INFO] [0mDone model training PID: [32m121017[0m
